Change Physical Footprint: Designator=C1 Old Footprint=C0603 New Footprint=C0603
Change Physical Footprint: Designator=C2 Old Footprint=C0603 New Footprint=C0603
Change Physical Footprint: Designator=C3 Old Footprint=ELCO_SMD_4x5.3mm New Footprint=ELCO_SMD_4x5.3mm
Change Physical Footprint: Designator=C4 Old Footprint=C0603 New Footprint=C0603
Change Physical Footprint: Designator=C5 Old Footprint=C0603 New Footprint=C0603
Change Physical Footprint: Designator=C6 Old Footprint=C0603 New Footprint=C0603
Change Physical Footprint: Designator=C7 Old Footprint=C0603 New Footprint=C0603
Change Physical Footprint: Designator=C8 Old Footprint=C0603 New Footprint=C0603
Change Physical Footprint: Designator=C9 Old Footprint=ELCO_SMD_4x5.3mm New Footprint=ELCO_SMD_4x5.3mm
Change Physical Footprint: Designator=C10 Old Footprint=ELCO_SMD_4x5.3mm New Footprint=ELCO_SMD_4x5.3mm
Change Physical Footprint: Designator=C11 Old Footprint=C0603 New Footprint=C0603
Change Physical Footprint: Designator=C12 Old Footprint=C0603 New Footprint=C0603
Change Physical Footprint: Designator=C13 Old Footprint=C0603 New Footprint=C0603
Change Physical Footprint: Designator=C14 Old Footprint=C0603 New Footprint=C0603
Change Physical Footprint: Designator=C15 Old Footprint=C0603 New Footprint=C0603
Change Physical Footprint: Designator=C16 Old Footprint=C0603 New Footprint=C0603
Change Physical Footprint: Designator=C17 Old Footprint=ELCO_SMD_4x5.3mm New Footprint=ELCO_SMD_4x5.3mm
Change Physical Footprint: Designator=C18 Old Footprint=C0603 New Footprint=C0603
Change Physical Footprint: Designator=C19 Old Footprint=C0603 New Footprint=C0603
Change Physical Footprint: Designator=C20 Old Footprint=C0603 New Footprint=C0603
Change Physical Footprint: Designator=C21 Old Footprint=C0603 New Footprint=C0603
Change Physical Footprint: Designator=C22 Old Footprint=ELCO_SMD_4x5.3mm New Footprint=ELCO_SMD_4x5.3mm
Change Physical Footprint: Designator=C23 Old Footprint=ELCO_SMD_4x5.3mm New Footprint=ELCO_SMD_4x5.3mm
Change Physical Footprint: Designator=C24 Old Footprint=C0603 New Footprint=C0603
Change Physical Footprint: Designator=C25 Old Footprint=C0603 New Footprint=C0603
Change Physical Footprint: Designator=C26 Old Footprint=ELCO_SMD_4x5.3mm New Footprint=ELCO_SMD_4x5.3mm
Change Physical Footprint: Designator=C27 Old Footprint=ELCO_SMD_4x5.3mm New Footprint=ELCO_SMD_4x5.3mm
Change Physical Footprint: Designator=C28 Old Footprint=C0603 New Footprint=C0603
Change Physical Footprint: Designator=C29 Old Footprint=C0603 New Footprint=C0603
Change Physical Footprint: Designator=C30 Old Footprint=ELCO_SMD_4x5.3mm New Footprint=ELCO_SMD_4x5.3mm
Change Physical Footprint: Designator=C31 Old Footprint=C0603 New Footprint=C0603
Change Physical Footprint: Designator=C32 Old Footprint=ELCO_SMD_4x5.3mm New Footprint=ELCO_SMD_4x5.3mm
Change Physical Footprint: Designator=C33 Old Footprint=C0603 New Footprint=C0603
Change Physical Footprint: Designator=C34 Old Footprint=C0603 New Footprint=C0603
Change Physical Footprint: Designator=C35 Old Footprint=C0603 New Footprint=C0603
Change Physical Footprint: Designator=C36 Old Footprint=C0603 New Footprint=C0603
Change Physical Footprint: Designator=C37 Old Footprint=C0603 New Footprint=C0603
Change Physical Footprint: Designator=C38 Old Footprint=C0603 New Footprint=C0603
Change Physical Footprint: Designator=D1 Old Footprint=DIODE_SOD-123 New Footprint=DIODE_SOD-123
Change Physical Footprint: Designator=D2 Old Footprint=DIODE_SOD-123 New Footprint=DIODE_SOD-123
Change Physical Footprint: Designator=FB1 Old Footprint=R0603 New Footprint=R0603
Change Physical Footprint: Designator=FB3 Old Footprint=R0603 New Footprint=R0603
Change Physical Footprint: Designator=FB4 Old Footprint=R0603 New Footprint=R0603
Change Physical Footprint: Designator=FB5 Old Footprint=R0603 New Footprint=R0603
Change Physical Footprint: Designator=J1 Old Footprint=JUMPER_2.54 New Footprint=JUMPER_2.54
Change Physical Footprint: Designator=J2 Old Footprint=4PIN_CONNECTOR_VERTICAL_1,25MM_P - duplicate New Footprint=4PIN_CONNECTOR_VERTICAL_1,25MM_P - duplicate
Change Physical Footprint: Designator=J3 Old Footprint=IDC10 New Footprint=IDC10
Change Physical Footprint: Designator=J4 Old Footprint=PJ301_thonk New Footprint=PJ301_thonk
Change Physical Footprint: Designator=J5 Old Footprint=PJ301_thonk New Footprint=PJ301_thonk
Change Physical Footprint: Designator=J6 Old Footprint=PJ301_thonk New Footprint=PJ301_thonk
Change Physical Footprint: Designator=J7 Old Footprint=PJ301_thonk New Footprint=PJ301_thonk
Change Physical Footprint: Designator=J8 Old Footprint=PJ301_thonk New Footprint=PJ301_thonk
Change Physical Footprint: Designator=J9 Old Footprint=PJ301_thonk New Footprint=PJ301_thonk
Change Physical Footprint: Designator=P1 Old Footprint=Potentiometer_vertical New Footprint=Potentiometer_vertical
Change Physical Footprint: Designator=P2 Old Footprint=Potentiometer_vertical New Footprint=Potentiometer_vertical
Change Physical Footprint: Designator=P3 Old Footprint=Potentiometer_vertical New Footprint=Potentiometer_vertical
Change Physical Footprint: Designator=P4 Old Footprint=Potentiometer_vertical New Footprint=Potentiometer_vertical
Change Physical Footprint: Designator=P5 Old Footprint=Potentiometer_vertical New Footprint=Potentiometer_vertical
Change Physical Footprint: Designator=P6 Old Footprint=Potentiometer_vertical New Footprint=Potentiometer_vertical
Change Physical Footprint: Designator=P7 Old Footprint=Potentiometer_vertical New Footprint=Potentiometer_vertical
Change Physical Footprint: Designator=P8 Old Footprint=Potentiometer_vertical New Footprint=Potentiometer_vertical
Change Physical Footprint: Designator=P9 Old Footprint=Potentiometer_vertical New Footprint=Potentiometer_vertical
Change Physical Footprint: Designator=P10 Old Footprint=Potentiometer_vertical New Footprint=Potentiometer_vertical
Change Physical Footprint: Designator=R1 Old Footprint=R0603 New Footprint=R0603
Change Physical Footprint: Designator=R2 Old Footprint=R0603 New Footprint=R0603
Change Physical Footprint: Designator=R3 Old Footprint=R0603 New Footprint=R0603
Change Physical Footprint: Designator=R4 Old Footprint=R0603 New Footprint=R0603
Change Physical Footprint: Designator=R5 Old Footprint=R0603 New Footprint=R0603
Change Physical Footprint: Designator=R6 Old Footprint=R0603 New Footprint=R0603
Change Physical Footprint: Designator=R7 Old Footprint=R0603 New Footprint=R0603
Change Physical Footprint: Designator=R8 Old Footprint=R0603 New Footprint=R0603
Change Physical Footprint: Designator=R9 Old Footprint=R0603 New Footprint=R0603
Change Physical Footprint: Designator=R10 Old Footprint=R0603 New Footprint=R0603
Change Physical Footprint: Designator=R11 Old Footprint=R0603 New Footprint=R0603
Change Physical Footprint: Designator=R12 Old Footprint=R0603 New Footprint=R0603
Change Physical Footprint: Designator=R13 Old Footprint=R0603 New Footprint=R0603
Change Physical Footprint: Designator=R14 Old Footprint=R0603 New Footprint=R0603
Change Physical Footprint: Designator=R15 Old Footprint=R0603 New Footprint=R0603
Change Physical Footprint: Designator=R16 Old Footprint=R0603 New Footprint=R0603
Change Physical Footprint: Designator=R17 Old Footprint=R0603 New Footprint=R0603
Change Physical Footprint: Designator=R18 Old Footprint=R0603 New Footprint=R0603
Change Physical Footprint: Designator=R19 Old Footprint=R0603 New Footprint=R0603
Change Physical Footprint: Designator=R20 Old Footprint=R0603 New Footprint=R0603
Change Physical Footprint: Designator=R21 Old Footprint=R0603 New Footprint=R0603
Change Physical Footprint: Designator=R22 Old Footprint=R0603 New Footprint=R0603
Change Physical Footprint: Designator=R23 Old Footprint=R0603 New Footprint=R0603
Change Physical Footprint: Designator=U1 Old Footprint=STM-LQFP64_N New Footprint=STM-LQFP64_N
Change Physical Footprint: Designator=U2 Old Footprint=SSOP-28_L New Footprint=SSOP-28_L
Change Physical Footprint: Designator=U3 Old Footprint=SOT223 New Footprint=SOT223
Change Physical Footprint: Designator=U4 Old Footprint=SOP16 New Footprint=SOP16
Change Physical Footprint: Designator=U5 Old Footprint=SOT223 New Footprint=SOT223
Change Physical Footprint: Designator=U6 Old Footprint=SOP14_L New Footprint=SOP14_L
Change Physical Footprint: Designator=U7 Old Footprint=SOP14_L New Footprint=SOP14_L
Change Physical Footprint: Designator=Y1 Old Footprint=XTAL_SMD_3.2x2.5x0.8 New Footprint=XTAL_SMD_3.2x2.5x0.8
Change Physical Footprint: Designator=Y2 Old Footprint=XTAL_SMD_3.2x2.5x0.8 New Footprint=XTAL_SMD_3.2x2.5x0.8
